<?xml version="1.0" encoding="UTF-8"?>
<!-- Generated by org.testng.reporters.JUnitReportReporter -->
<testsuite hostname="DESKTOP-L5GVAI8" failures="0" tests="3" name="GoPadelTest.GoPadelTest" time="15.589" errors="0" timestamp="2022-04-18T14:11:52 IST" skipped="0">
  <testcase classname="GoPadelTest.GoPadelTest" name="bookingCalenderTest" time="6.919"/>
  <system-out/>
  <testcase classname="GoPadelTest.GoPadelTest" name="bookingPopupTest" time="5.420"/>
  <system-out/>
  <testcase classname="GoPadelTest.GoPadelTest" name="trainerBookingTest" time="3.250"/>
  <system-out/>
</testsuite> <!-- GoPadelTest.GoPadelTest -->
