<?xml version="1.0" encoding="UTF-8"?>
<!-- Generated by org.testng.reporters.JUnitReportReporter -->
<testsuite hostname="um" failures="0" tests="7" name="GoPadelTest.GoPadelTest" time="40.817" errors="0" timestamp="2022-05-26T15:56:05 IST" skipped="0">
  <testcase classname="GoPadelTest.GoPadelTest" name="bookingCalenderTest" time="6.651"/>
  <system-out/>
  <testcase classname="GoPadelTest.GoPadelTest" name="bookingPopupTest" time="10.570"/>
  <system-out/>
  <testcase classname="GoPadelTest.GoPadelTest" name="trainerBookingTest" time="2.567"/>
  <system-out/>
  <testcase classname="GoPadelTest.GoPadelTest" name="recurringBookingTest" time="2.326"/>
  <system-out/>
  <testcase classname="GoPadelTest.GoPadelTest" name="manageBookPageTest" time="6.096"/>
  <system-out/>
  <testcase classname="GoPadelTest.GoPadelTest" name="blockTimePageTest" time="6.507"/>
  <system-out/>
  <testcase classname="GoPadelTest.GoPadelTest" name="ladiesTimePageTest" time="6.100"/>
  <system-out/>
</testsuite> <!-- GoPadelTest.GoPadelTest -->
